<?xml version="1.0" encoding="UTF-8"?>
<!-- Generated by org.testng.reporters.JUnitXMLReporter -->
<testsuite ignored="0" hostname="DESKTOP-IT0AO57" failures="1" tests="4" name="URL Check Test" time="85.546" errors="0" timestamp="2024-12-16T18:02:56 IST">
  <testcase classname="capstone.Ecommerce.UrlTest" name="testUrlCheck" time="9.484"/>
  <testcase classname="capstone.Ecommerce.SignupTest" name="testSignUp" time="44.594"/>
  <testcase classname="capstone.Ecommerce.AddfromshopfromdepartmentTest" name="testAddProductFromMenu" time="27.916"/>
  <testcase classname="capstone.Ecommerce.CheckoutpageTest" name="testCheckOutAndPay" time="2.948">
    <failure type="org.openqa.selenium.ElementClickInterceptedException" message="element click intercepted: Element &amp;lt;button class=&amp;quot;btn btn-lg btn-block btn-primary&amp;quot; type=&amp;quot;button&amp;quot; data-track=&amp;quot;... - Top&amp;quot;&amp;gt;Checkout&amp;lt;/button&amp;gt; is not clickable at point (1135, 531). Other element would receive the click: &amp;lt;div class=&amp;quot;container&amp;quot; role=&amp;quot;document&amp;quot;&amp;gt;...&amp;lt;/div&amp;gt;
  (Session info: chrome=128.0.6613.138)
Build info: version: &amp;apos;4.24.0&amp;apos;, revision: &amp;apos;748ffc9bc3&amp;apos;
System info: os.name: &amp;apos;Windows 10&amp;apos;, os.arch: &amp;apos;amd64&amp;apos;, os.version: &amp;apos;10.0&amp;apos;, java.version: &amp;apos;17.0.9&amp;apos;
Driver info: org.openqa.selenium.chrome.ChromeDriver
Command: [8302f0bf7e5b3b274380038ab4c34224, clickElement {id=f.D0DFAE6B8571510EC9894D2B61E8304A.d.8BD729F9C424A1FF3ABE777E4DA3FE80.e.620}]
Capabilities {acceptInsecureCerts: false, browserName: chrome, browserVersion: 128.0.6613.138, chrome: {chromedriverVersion: 128.0.6613.137 (fe621c5aa2d..., userDataDir: C:\Users\Admin\AppData\Loca...}, fedcm:accounts: true, goog:chromeOptions: {debuggerAddress: localhost:62276}, networkConnectionEnabled: false, pageLoadStrategy: normal, platformName: windows, proxy: Proxy(), se:cdp: ws://localhost:62276/devtoo..., se:cdpVersion: 128.0.6613.138, setWindowRect: true, strictFileInteractability: false, timeouts: {implicit: 0, pageLoad: 300000, script: 30000}, unhandledPromptBehavior: dismiss and notify, webauthn:extension:credBlob: true, webauthn:extension:largeBlob: true, webauthn:extension:minPinLength: true, webauthn:extension:prf: true, webauthn:virtualAuthenticators: true}
Element: [[ChromeDriver: chrome on windows (8302f0bf7e5b3b274380038ab4c34224)] -&amp;gt; xpath: //button[normalize-space()=&amp;apos;Checkout&amp;apos;]]
Session ID: 8302f0bf7e5b3b274380038ab4c34224">
      <![CDATA[org.openqa.selenium.ElementClickInterceptedException: element click intercepted: Element <button class="btn btn-lg btn-block btn-primary" type="button" data-track="... - Top">Checkout</button> is not clickable at point (1135, 531). Other element would receive the click: <div class="container" role="document">...</div>
  (Session info: chrome=128.0.6613.138)
Build info: version: '4.24.0', revision: '748ffc9bc3'
System info: os.name: 'Windows 10', os.arch: 'amd64', os.version: '10.0', java.version: '17.0.9'
Driver info: org.openqa.selenium.chrome.ChromeDriver
Command: [8302f0bf7e5b3b274380038ab4c34224, clickElement {id=f.D0DFAE6B8571510EC9894D2B61E8304A.d.8BD729F9C424A1FF3ABE777E4DA3FE80.e.620}]
Capabilities {acceptInsecureCerts: false, browserName: chrome, browserVersion: 128.0.6613.138, chrome: {chromedriverVersion: 128.0.6613.137 (fe621c5aa2d..., userDataDir: C:\Users\Admin\AppData\Loca...}, fedcm:accounts: true, goog:chromeOptions: {debuggerAddress: localhost:62276}, networkConnectionEnabled: false, pageLoadStrategy: normal, platformName: windows, proxy: Proxy(), se:cdp: ws://localhost:62276/devtoo..., se:cdpVersion: 128.0.6613.138, setWindowRect: true, strictFileInteractability: false, timeouts: {implicit: 0, pageLoad: 300000, script: 30000}, unhandledPromptBehavior: dismiss and notify, webauthn:extension:credBlob: true, webauthn:extension:largeBlob: true, webauthn:extension:minPinLength: true, webauthn:extension:prf: true, webauthn:virtualAuthenticators: true}
Element: [[ChromeDriver: chrome on windows (8302f0bf7e5b3b274380038ab4c34224)] -> xpath: //button[normalize-space()='Checkout']]
Session ID: 8302f0bf7e5b3b274380038ab4c34224
at org.openqa.selenium.remote.ErrorCodec.decode(ErrorCodec.java:167)
at org.openqa.selenium.remote.codec.w3c.W3CHttpResponseCodec.decode(W3CHttpResponseCodec.java:138)
at org.openqa.selenium.remote.codec.w3c.W3CHttpResponseCodec.decode(W3CHttpResponseCodec.java:50)
at org.openqa.selenium.remote.HttpCommandExecutor.execute(HttpCommandExecutor.java:190)
at org.openqa.selenium.remote.service.DriverCommandExecutor.invokeExecute(DriverCommandExecutor.java:216)
at org.openqa.selenium.remote.service.DriverCommandExecutor.execute(DriverCommandExecutor.java:174)
at org.openqa.selenium.remote.RemoteWebDriver.execute(RemoteWebDriver.java:545)
at org.openqa.selenium.remote.RemoteWebElement.execute(RemoteWebElement.java:223)
at org.openqa.selenium.remote.RemoteWebElement.click(RemoteWebElement.java:76)
at org.openqa.selenium.support.pagefactory.internal.LocatingElementHandler.invoke(LocatingElementHandler.java:51)
at jdk.proxy2/jdk.proxy2.$Proxy15.click(Unknown Source)
at capstone.Ecommerce.Additemfrombrand.checkoutPage(Additemfrombrand.java:122)
at capstone.Ecommerce.CheckoutpageTest.testCheckOutAndPay(CheckoutpageTest.java:28)
at java.base/java.util.ArrayList.forEach(ArrayList.java:1511)
... Removed 36 stack frames]]>
    </failure>
  </testcase> <!-- testCheckOutAndPay -->
</testsuite> <!-- URL Check Test -->
