<?xml version="1.0" encoding="UTF-8"?>
<testng-results ignored="0" total="4" passed="3" failed="1" skipped="0">
  <reporter-output>
  </reporter-output>
  <suite started-at="2024-12-16T18:01:30 IST" name="Ecommerce Suite" finished-at="2024-12-16T18:02:56 IST" duration-ms="85546">
    <groups>
    </groups>
    <test started-at="2024-12-16T18:01:30 IST" name="URL Check Test" finished-at="2024-12-16T18:02:56 IST" duration-ms="85546">
      <class name="capstone.Ecommerce.AddfromshopfromdepartmentTest">
        <test-method is-config="true" signature="beforeTest()[pri:0, instance:capstone.Ecommerce.AddfromshopfromdepartmentTest@63376bed]" started-at="2024-12-16T18:02:25 IST" name="beforeTest" finished-at="2024-12-16T18:02:25 IST" duration-ms="26" status="PASS">
          <reporter-output>
          </reporter-output>
        </test-method> <!-- beforeTest -->
        <test-method signature="testAddProductFromMenu()[pri:0, instance:capstone.Ecommerce.AddfromshopfromdepartmentTest@63376bed]" started-at="2024-12-16T18:02:25 IST" name="testAddProductFromMenu" finished-at="2024-12-16T18:02:53 IST" duration-ms="27916" status="PASS">
          <reporter-output>
          </reporter-output>
        </test-method> <!-- testAddProductFromMenu -->
      </class> <!-- capstone.Ecommerce.AddfromshopfromdepartmentTest -->
      <class name="capstone.Ecommerce.SignupTest">
        <test-method is-config="true" signature="beforeTest()[pri:0, instance:capstone.Ecommerce.SignupTest@3c77d488]" started-at="2024-12-16T18:01:40 IST" name="beforeTest" finished-at="2024-12-16T18:01:40 IST" duration-ms="57" status="PASS">
          <reporter-output>
          </reporter-output>
        </test-method> <!-- beforeTest -->
        <test-method signature="testSignUp()[pri:0, instance:capstone.Ecommerce.SignupTest@3c77d488]" started-at="2024-12-16T18:01:40 IST" name="testSignUp" finished-at="2024-12-16T18:02:25 IST" duration-ms="44594" status="PASS">
          <reporter-output>
          </reporter-output>
        </test-method> <!-- testSignUp -->
      </class> <!-- capstone.Ecommerce.SignupTest -->
      <class name="capstone.Ecommerce.CheckoutpageTest">
        <test-method is-config="true" signature="beforeTest()[pri:0, instance:capstone.Ecommerce.CheckoutpageTest@4145bad8]" started-at="2024-12-16T18:02:53 IST" name="beforeTest" finished-at="2024-12-16T18:02:53 IST" duration-ms="9" status="PASS">
          <reporter-output>
          </reporter-output>
        </test-method> <!-- beforeTest -->
        <test-method signature="testCheckOutAndPay()[pri:0, instance:capstone.Ecommerce.CheckoutpageTest@4145bad8]" started-at="2024-12-16T18:02:53 IST" name="testCheckOutAndPay" finished-at="2024-12-16T18:02:56 IST" duration-ms="2948" status="FAIL">
          <exception class="org.openqa.selenium.ElementClickInterceptedException">
            <message>
              <![CDATA[element click intercepted: Element <button class="btn btn-lg btn-block btn-primary" type="button" data-track="... - Top">Checkout</button> is not clickable at point (1135, 531). Other element would receive the click: <div class="container" role="document">...</div>
  (Session info: chrome=128.0.6613.138)
Build info: version: '4.24.0', revision: '748ffc9bc3'
System info: os.name: 'Windows 10', os.arch: 'amd64', os.version: '10.0', java.version: '17.0.9'
Driver info: org.openqa.selenium.chrome.ChromeDriver
Command: [8302f0bf7e5b3b274380038ab4c34224, clickElement {id=f.D0DFAE6B8571510EC9894D2B61E8304A.d.8BD729F9C424A1FF3ABE777E4DA3FE80.e.620}]
Capabilities {acceptInsecureCerts: false, browserName: chrome, browserVersion: 128.0.6613.138, chrome: {chromedriverVersion: 128.0.6613.137 (fe621c5aa2d..., userDataDir: C:\Users\Admin\AppData\Loca...}, fedcm:accounts: true, goog:chromeOptions: {debuggerAddress: localhost:62276}, networkConnectionEnabled: false, pageLoadStrategy: normal, platformName: windows, proxy: Proxy(), se:cdp: ws://localhost:62276/devtoo..., se:cdpVersion: 128.0.6613.138, setWindowRect: true, strictFileInteractability: false, timeouts: {implicit: 0, pageLoad: 300000, script: 30000}, unhandledPromptBehavior: dismiss and notify, webauthn:extension:credBlob: true, webauthn:extension:largeBlob: true, webauthn:extension:minPinLength: true, webauthn:extension:prf: true, webauthn:virtualAuthenticators: true}
Element: [[ChromeDriver: chrome on windows (8302f0bf7e5b3b274380038ab4c34224)] -> xpath: //button[normalize-space()='Checkout']]
Session ID: 8302f0bf7e5b3b274380038ab4c34224]]>
            </message>
            <full-stacktrace>
              <![CDATA[org.openqa.selenium.ElementClickInterceptedException: element click intercepted: Element <button class="btn btn-lg btn-block btn-primary" type="button" data-track="... - Top">Checkout</button> is not clickable at point (1135, 531). Other element would receive the click: <div class="container" role="document">...</div>
  (Session info: chrome=128.0.6613.138)
Build info: version: '4.24.0', revision: '748ffc9bc3'
System info: os.name: 'Windows 10', os.arch: 'amd64', os.version: '10.0', java.version: '17.0.9'
Driver info: org.openqa.selenium.chrome.ChromeDriver
Command: [8302f0bf7e5b3b274380038ab4c34224, clickElement {id=f.D0DFAE6B8571510EC9894D2B61E8304A.d.8BD729F9C424A1FF3ABE777E4DA3FE80.e.620}]
Capabilities {acceptInsecureCerts: false, browserName: chrome, browserVersion: 128.0.6613.138, chrome: {chromedriverVersion: 128.0.6613.137 (fe621c5aa2d..., userDataDir: C:\Users\Admin\AppData\Loca...}, fedcm:accounts: true, goog:chromeOptions: {debuggerAddress: localhost:62276}, networkConnectionEnabled: false, pageLoadStrategy: normal, platformName: windows, proxy: Proxy(), se:cdp: ws://localhost:62276/devtoo..., se:cdpVersion: 128.0.6613.138, setWindowRect: true, strictFileInteractability: false, timeouts: {implicit: 0, pageLoad: 300000, script: 30000}, unhandledPromptBehavior: dismiss and notify, webauthn:extension:credBlob: true, webauthn:extension:largeBlob: true, webauthn:extension:minPinLength: true, webauthn:extension:prf: true, webauthn:virtualAuthenticators: true}
Element: [[ChromeDriver: chrome on windows (8302f0bf7e5b3b274380038ab4c34224)] -> xpath: //button[normalize-space()='Checkout']]
Session ID: 8302f0bf7e5b3b274380038ab4c34224
at java.base/jdk.internal.reflect.NativeConstructorAccessorImpl.newInstance0(Native Method)
at java.base/jdk.internal.reflect.NativeConstructorAccessorImpl.newInstance(NativeConstructorAccessorImpl.java:77)
at java.base/jdk.internal.reflect.DelegatingConstructorAccessorImpl.newInstance(DelegatingConstructorAccessorImpl.java:45)
at java.base/java.lang.reflect.Constructor.newInstanceWithCaller(Constructor.java:499)
at java.base/java.lang.reflect.Constructor.newInstance(Constructor.java:480)
at org.openqa.selenium.remote.ErrorCodec.decode(ErrorCodec.java:167)
at org.openqa.selenium.remote.codec.w3c.W3CHttpResponseCodec.decode(W3CHttpResponseCodec.java:138)
at org.openqa.selenium.remote.codec.w3c.W3CHttpResponseCodec.decode(W3CHttpResponseCodec.java:50)
at org.openqa.selenium.remote.HttpCommandExecutor.execute(HttpCommandExecutor.java:190)
at org.openqa.selenium.remote.service.DriverCommandExecutor.invokeExecute(DriverCommandExecutor.java:216)
at org.openqa.selenium.remote.service.DriverCommandExecutor.execute(DriverCommandExecutor.java:174)
at org.openqa.selenium.remote.RemoteWebDriver.execute(RemoteWebDriver.java:545)
at org.openqa.selenium.remote.RemoteWebElement.execute(RemoteWebElement.java:223)
at org.openqa.selenium.remote.RemoteWebElement.click(RemoteWebElement.java:76)
at java.base/jdk.internal.reflect.NativeMethodAccessorImpl.invoke0(Native Method)
at java.base/jdk.internal.reflect.NativeMethodAccessorImpl.invoke(NativeMethodAccessorImpl.java:77)
at java.base/jdk.internal.reflect.DelegatingMethodAccessorImpl.invoke(DelegatingMethodAccessorImpl.java:43)
at java.base/java.lang.reflect.Method.invoke(Method.java:568)
at org.openqa.selenium.support.pagefactory.internal.LocatingElementHandler.invoke(LocatingElementHandler.java:51)
at jdk.proxy2/jdk.proxy2.$Proxy15.click(Unknown Source)
at capstone.Ecommerce.Additemfrombrand.checkoutPage(Additemfrombrand.java:122)
at capstone.Ecommerce.CheckoutpageTest.testCheckOutAndPay(CheckoutpageTest.java:28)
at java.base/jdk.internal.reflect.NativeMethodAccessorImpl.invoke0(Native Method)
at java.base/jdk.internal.reflect.NativeMethodAccessorImpl.invoke(NativeMethodAccessorImpl.java:77)
at java.base/jdk.internal.reflect.DelegatingMethodAccessorImpl.invoke(DelegatingMethodAccessorImpl.java:43)
at java.base/java.lang.reflect.Method.invoke(Method.java:568)
at org.testng.internal.MethodInvocationHelper.invokeMethod(MethodInvocationHelper.java:133)
at org.testng.internal.TestInvoker.invokeMethod(TestInvoker.java:598)
at org.testng.internal.TestInvoker.invokeTestMethod(TestInvoker.java:173)
at org.testng.internal.MethodRunner.runInSequence(MethodRunner.java:46)
at org.testng.internal.TestInvoker$MethodInvocationAgent.invoke(TestInvoker.java:824)
at org.testng.internal.TestInvoker.invokeTestMethods(TestInvoker.java:146)
at org.testng.internal.TestMethodWorker.invokeTestMethods(TestMethodWorker.java:146)
at org.testng.internal.TestMethodWorker.run(TestMethodWorker.java:128)
at java.base/java.util.ArrayList.forEach(ArrayList.java:1511)
at org.testng.TestRunner.privateRun(TestRunner.java:794)
at org.testng.TestRunner.run(TestRunner.java:596)
at org.testng.SuiteRunner.runTest(SuiteRunner.java:377)
at org.testng.SuiteRunner.runSequentially(SuiteRunner.java:371)
at org.testng.SuiteRunner.privateRun(SuiteRunner.java:332)
at org.testng.SuiteRunner.run(SuiteRunner.java:276)
at org.testng.SuiteRunnerWorker.runSuite(SuiteRunnerWorker.java:53)
at org.testng.SuiteRunnerWorker.run(SuiteRunnerWorker.java:96)
at org.testng.TestNG.runSuitesSequentially(TestNG.java:1212)
at org.testng.TestNG.runSuitesLocally(TestNG.java:1134)
at org.testng.TestNG.runSuites(TestNG.java:1063)
at org.testng.TestNG.run(TestNG.java:1031)
at org.testng.remote.AbstractRemoteTestNG.run(AbstractRemoteTestNG.java:115)
at org.testng.remote.RemoteTestNG.initAndRun(RemoteTestNG.java:293)
at org.testng.remote.RemoteTestNG.main(RemoteTestNG.java:91)
]]>
            </full-stacktrace>
          </exception> <!-- org.openqa.selenium.ElementClickInterceptedException -->
          <reporter-output>
          </reporter-output>
        </test-method> <!-- testCheckOutAndPay -->
      </class> <!-- capstone.Ecommerce.CheckoutpageTest -->
      <class name="capstone.Ecommerce.UrlTest">
        <test-method signature="testUrlCheck()[pri:0, instance:capstone.Ecommerce.UrlTest@738dc9b]" started-at="2024-12-16T18:01:30 IST" name="testUrlCheck" finished-at="2024-12-16T18:01:40 IST" duration-ms="9484" status="PASS">
          <reporter-output>
          </reporter-output>
        </test-method> <!-- testUrlCheck -->
      </class> <!-- capstone.Ecommerce.UrlTest -->
      <class name="capstone.Ecommerce.Browsersetup">
        <test-method is-config="true" signature="setUp()[pri:0, instance:capstone.Ecommerce.Browsersetup@4310d43]" started-at="2024-12-16T18:01:22 IST" name="setUp" finished-at="2024-12-16T18:01:30 IST" duration-ms="8290" status="PASS">
          <reporter-output>
          </reporter-output>
        </test-method> <!-- setUp -->
        <test-method is-config="true" signature="tearDown()[pri:0, instance:capstone.Ecommerce.Browsersetup@4310d43]" started-at="2024-12-16T18:02:56 IST" name="tearDown" finished-at="2024-12-16T18:02:57 IST" duration-ms="970" status="PASS">
          <reporter-output>
          </reporter-output>
        </test-method> <!-- tearDown -->
      </class> <!-- capstone.Ecommerce.Browsersetup -->
    </test> <!-- URL Check Test -->
  </suite> <!-- Ecommerce Suite -->
</testng-results>
